\BOOKMARK [0][-]{part.1}{\376\377\000I\000\040\004\042\004\065\004\076\004\100\004\126\004\117}{}% 1
\BOOKMARK [1][-]{section.1}{\376\377\004\036\004\064\004\070\004\075\004\070\004\106\004\126\000\040\004\062\004\070\004\074\004\126\004\100\004\103}{part.1}% 2
\BOOKMARK [2][-]{subsection.1.1}{\376\377\004\037\004\100\004\070\004\101\004\102\004\060\004\062\004\072\004\070\000\040\004\041\004\126}{section.1}% 3
\BOOKMARK [2][-]{subsection.1.2}{\376\377\004\047\004\060\004\101\004\102\004\076\004\102\004\060}{section.1}% 4
\BOOKMARK [2][-]{subsection.1.3}{\376\377\004\037\004\076\004\102\004\103\004\066\004\075\004\126\004\101\004\102\004\114}{section.1}% 5
\BOOKMARK [2][-]{subsection.1.4}{\376\377\004\022\004\126\004\064\004\075\004\076\004\101\004\075\004\126\000\040\004\062\004\065\004\073\004\070\004\107\004\070\004\075\004\070}{section.1}% 6
\BOOKMARK [2][-]{subsection.1.5}{\376\377\000d\000B\000m}{section.1}% 7
\BOOKMARK [2][-]{subsection.1.6}{\376\377\000d\000B\000i}{section.1}% 8
\BOOKMARK [1][-]{section.2}{\376\377\004\040\004\060\004\064\004\126\004\076\004\105\004\062\004\070\004\073\004\126}{part.1}% 9
\BOOKMARK [2][-]{subsection.2.1}{\376\377\004\032\004\073\004\060\004\101\004\070\004\104\004\126\004\072\004\060\004\106\004\126\004\117\000\040\004\100\004\060\004\064\004\126\004\076\004\105\004\062\004\070\004\073\004\114}{section.2}% 10
\BOOKMARK [2][-]{subsection.2.2}{\376\377\004\040\004\076\004\067\004\077\004\076\004\062\004\101\004\116\004\064\004\066\004\065\004\075\004\075\004\117\000\040\004\100\004\060\004\064\004\126\004\076\004\105\004\062\004\070\004\073\004\114}{section.2}% 11
\BOOKMARK [2][-]{subsection.2.3}{\376\377\004\040\004\065\004\104\004\073\004\065\004\072\004\101\004\126\004\117\000\040\004\100\004\060\004\064\004\126\004\076\004\105\004\062\004\070\004\073\004\114}{section.2}% 12
\BOOKMARK [2][-]{subsection.2.4}{\376\377\004\040\004\065\004\104\004\100\004\060\004\072\004\106\004\126\004\117\000\040\004\100\004\060\004\064\004\126\004\076\004\105\004\062\004\070\004\073\004\114}{section.2}% 13
\BOOKMARK [2][-]{subsection.2.5}{\376\377\004\024\004\070\004\104\004\100\004\060\004\072\004\106\004\126\004\117\000\040\004\100\004\060\004\064\004\126\004\076\004\105\004\062\004\070\004\073\004\114}{section.2}% 14
\BOOKMARK [2][-]{subsection.2.6}{\376\377\004\006\004\075\004\102\004\065\004\100\004\104\004\065\004\100\004\065\004\075\004\106\004\126\004\117\000\040\004\100\004\060\004\064\004\126\004\076\004\105\004\062\004\070\004\073\004\114}{section.2}% 15
\BOOKMARK [2][-]{subsection.2.7}{\376\377\004\044\004\065\004\064\004\126\004\075\004\063\000\040\004\100\004\060\004\064\004\126\004\076\004\105\004\062\004\070\004\073\004\114}{section.2}% 16
\BOOKMARK [2][-]{subsection.2.8}{\376\377\004\027\004\076\004\075\004\060\000\040\004\044\004\100\004\065\004\075\004\065\004\073\004\117}{section.2}% 17
\BOOKMARK [1][-]{section.3}{\376\377\004\034\004\076\004\064\004\103\004\073\004\117\004\106\004\126\004\117}{part.1}% 18
\BOOKMARK [2][-]{subsection.3.1}{\376\377\004\020\004\075\004\060\004\073\004\076\004\063\004\076\004\062\004\060\000\040\004\074\004\076\004\064\004\103\004\073\004\117\004\106\004\126\004\117}{section.3}% 19
\BOOKMARK [3][-]{subsubsection.3.1.1}{\376\377\004\020\004\074\004\077\004\073\004\126\004\102\004\103\004\064\004\075\004\060\000\040\004\074\004\076\004\064\004\103\004\073\004\117\004\106\004\126\004\117}{subsection.3.1}% 20
\BOOKMARK [3][-]{subsubsection.3.1.2}{\376\377\004\047\004\060\004\101\004\102\004\076\004\102\004\075\004\060\000\040\004\074\004\076\004\064\004\103\004\073\004\117\004\106\004\126\004\117}{subsection.3.1}% 21
\BOOKMARK [3][-]{subsubsection.3.1.3}{\376\377\004\044\004\060\004\067\004\076\004\062\004\060\000\040\004\074\004\076\004\064\004\103\004\073\004\117\004\106\004\126\004\117}{subsection.3.1}% 22
\BOOKMARK [2][-]{subsection.3.2}{\376\377\004\046\004\070\004\104\004\100\004\076\004\062\004\060\000\040\004\074\004\076\004\064\004\103\004\073\004\117\004\106\004\126\004\117}{section.3}% 23
\BOOKMARK [3][-]{subsubsection.3.2.1}{\376\377\004\020\004\074\004\077\004\073\004\126\004\102\004\103\004\064\004\075\004\060\000\040\004\074\004\060\004\075\004\126\004\077\004\103\004\073\004\117\004\106\004\126\004\117}{subsection.3.2}% 24
\BOOKMARK [3][-]{subsubsection.3.2.2}{\376\377\004\047\004\060\004\101\004\102\004\076\004\102\004\075\004\060\000\040\004\074\004\060\004\075\004\126\004\077\004\103\004\073\004\117\004\106\004\126\004\117}{subsection.3.2}% 25
\BOOKMARK [3][-]{subsubsection.3.2.3}{\376\377\004\044\004\060\004\067\004\076\004\062\004\060\000\040\004\074\004\060\004\075\004\126\004\077\004\103\004\073\004\117\004\106\004\126\004\117}{subsection.3.2}% 26
\BOOKMARK [3][-]{subsubsection.3.2.4}{\376\377\004\032\004\062\004\060\004\064\004\100\004\060\004\102\004\075\004\103\004\100\004\075\004\060\000\040\004\060\004\074\004\077\004\073\004\126\004\102\004\103\004\064\004\075\004\060\000\040\004\074\004\060\004\075\004\126\004\077\004\103\004\073\004\117\004\106\004\126\004\117}{subsection.3.2}% 27
\BOOKMARK [2][-]{subsection.3.3}{\376\377\004\036\004\100\004\102\004\076\004\063\004\076\004\075\004\060\004\073\004\114\004\075\004\065\000\040\004\107\004\060\004\101\004\102\004\076\004\102\004\075\004\065\000\040\004\074\004\103\004\073\004\114\004\102\004\070\004\077\004\073\004\065\004\072\004\101\004\103\004\062\004\060\004\075\004\075\004\117}{section.3}% 28
\BOOKMARK [2][-]{subsection.3.4}{\376\377\004\037\004\037\004\040\004\047}{section.3}% 29
\BOOKMARK [2][-]{subsection.3.5}{\376\377\000L\000O\000R\000A}{section.3}% 30
\BOOKMARK [1][-]{section.4}{\376\377\004\041\004\077\004\065\004\072\004\102\004\100\004\060\004\073\004\114\004\075\004\070\004\071\000\040\004\060\004\075\004\060\004\073\004\126\004\067}{part.1}% 31
\BOOKMARK [2][-]{subsection.4.1}{\376\377\004\036\004\061\004\073\004\060\004\064\004\075\004\060\004\075\004\075\004\117}{section.4}% 32
\BOOKMARK [2][-]{subsection.4.2}{\376\377\004\024\004\076\004\064\004\060\004\102\004\072\004\076\004\062\004\126\000\040\004\074\004\060\004\102\004\065\004\100\004\126\004\060\004\073\004\070\000\040\004\077\004\076\000\040\004\102\004\065\004\074\004\126}{section.4}% 33
\BOOKMARK [1][-]{section.5}{\376\377\004\020\004\075\004\102\004\065\004\075\004\070}{part.1}% 34
\BOOKMARK [2][-]{subsection.5.1}{\376\377\004\024\004\126\004\060\004\063\004\100\004\060\004\074\004\060\000\040\004\101\004\077\004\100\004\117\004\074\004\076\004\062\004\060\004\075\004\076\004\101\004\102\004\126}{section.5}% 35
\BOOKMARK [2][-]{subsection.5.2}{\376\377\004\037\004\076\004\073\004\117\004\100\004\070\004\067\004\060\004\106\004\126\004\117\000\040\004\060\004\075\004\102\004\065\004\075}{section.5}% 36
\BOOKMARK [2][-]{subsection.5.3}{\376\377\004\045\004\062\004\070\004\073\004\114\004\076\004\062\004\070\004\071\000\040\004\076\004\077\004\126\004\100\000\040\004\060\004\075\004\102\004\065\004\075\004\070}{section.5}% 37
\BOOKMARK [2][-]{subsection.5.4}{\376\377\004\027\004\062\004\076\004\100\004\076\004\102\004\075\004\126\000\040\004\062\004\102\004\100\004\060\004\102\004\070\000\040\004\060\004\075\004\102\004\065\004\075\004\070}{section.5}% 38
\BOOKMARK [2][-]{subsection.5.5}{\376\377\004\032\004\041\004\045\000\040\004\060\004\075\004\102\004\065\004\075\004\070}{section.5}% 39
\BOOKMARK [2][-]{subsection.5.6}{\376\377\004\022\004\065\004\072\004\102\004\076\004\100\004\070\004\071\000\040\004\060\004\075\004\060\004\073\004\126\004\067}{section.5}% 40
\BOOKMARK [2][-]{subsection.5.7}{\376\377\004\024\004\076\004\064\004\060\004\102\004\072\004\076\004\062\004\126\000\040\004\074\004\060\004\102\004\065\004\100\004\126\004\060\004\073\004\070\000\040\004\077\004\076\000\040\004\102\004\065\004\074\004\126}{section.5}% 41
\BOOKMARK [1][-]{section.6}{\376\377\004\037\004\076\004\110\004\103\004\072\000\040\004\064\004\066\004\065\004\100\004\065\004\073\004\060\000\040\004\101\004\070\004\063\004\075\004\060\004\073\004\103}{part.1}% 42
\BOOKMARK [2][-]{subsection.6.1}{\376\377\004\042\004\100\004\070\004\060\004\075\004\063\004\103\004\073\004\117\004\106\004\126\004\117\000\040\004\102\004\060\000\040\004\067\004\062\004\065\004\064\004\065\004\075\004\075\004\117\000\040\004\077\004\065\004\073\004\065\004\075\004\063\004\126\004\062}{section.6}% 43
\BOOKMARK [2][-]{subsection.6.2}{\376\377\004\022\004\070\004\074\004\126\004\100\004\116\004\062\004\060\004\075\004\075\004\117\000\040\004\075\004\060\004\077\004\100\004\103\004\066\004\065\004\075\004\076\004\101\004\102\004\126\000\040\004\077\004\076\004\073\004\117}{section.6}% 44
\BOOKMARK [2][-]{subsection.6.3}{\376\377\004\040\004\103\004\107\004\075\004\065\000\040\004\077\004\065\004\073\004\065\004\075\004\063\004\103\004\062\004\060\004\075\004\075\004\117}{section.6}% 45
\BOOKMARK [2][-]{subsection.6.4}{\376\377\004\024\004\076\004\077\004\073\004\065\004\100\004\126\004\062\004\101\004\114\004\072\004\065\000\040\004\077\004\065\004\073\004\065\004\075\004\063\004\103\004\062\004\060\004\075\004\075\004\117}{section.6}% 46
\BOOKMARK [2][-]{subsection.6.5}{\376\377\004\037\004\100\004\070\004\075\004\106\004\070\004\077\000\040\000H\000o\000m\000e\000r}{section.6}% 47
\BOOKMARK [2][-]{subsection.6.6}{\376\377\004\032\004\076\004\100\004\065\004\073\004\117\004\106\004\126\004\071\004\075\004\070\004\071\000\040\004\126\004\075\004\102\004\065\004\100\004\104\004\065\004\100\004\076\004\074\004\065\004\102\004\100}{section.6}% 48
\BOOKMARK [2][-]{subsection.6.7}{\376\377\004\024\004\076\004\064\004\060\004\102\004\072\004\076\004\062\004\126\000\040\004\074\004\060\004\102\004\065\004\100\004\126\004\060\004\073\004\070\000\040\004\077\004\076\000\040\004\102\004\065\004\074\004\126}{section.6}% 49
